<?xml version="1.0" encoding="UTF-8"?>
<coverage generated="1535214935537" clover="3.2.0">
  <project timestamp="1535214935538" name="All files">
    <metrics statements="16" coveredstatements="5" conditionals="0" coveredconditionals="0" methods="5" coveredmethods="3" elements="21" coveredelements="8" complexity="0" loc="16" ncloc="16" packages="2" files="4" classes="4">
      <package name="components.layout">
        <metrics statements="5" coveredstatements="5" conditionals="0" coveredconditionals="0" methods="3" coveredmethods="3"/>
        <file name="index.js" path="/Users/Param/Projects/Stossa/gatsby-app/src/components/layout/index.js">
          <metrics statements="4" coveredstatements="4" conditionals="0" coveredconditionals="0" methods="2" coveredmethods="2"/>
          <line num="7" count="1" type="stmt"/>
          <line num="8" count="2" type="stmt"/>
          <line num="18" count="1" type="stmt"/>
          <line num="22" count="1" type="stmt"/>
        </file>
        <file name="layout.js" path="/Users/Param/Projects/Stossa/gatsby-app/src/components/layout/layout.js">
          <metrics statements="1" coveredstatements="1" conditionals="0" coveredconditionals="0" methods="1" coveredmethods="1"/>
          <line num="7" count="2" type="stmt"/>
        </file>
      </package>
      <package name="pages">
        <metrics statements="11" coveredstatements="0" conditionals="0" coveredconditionals="0" methods="2" coveredmethods="0"/>
        <file name="404.js" path="/Users/Param/Projects/Stossa/gatsby-app/src/pages/404.js">
          <metrics statements="3" coveredstatements="0" conditionals="0" coveredconditionals="0" methods="1" coveredmethods="0"/>
          <line num="1" count="0" type="stmt"/>
          <line num="2" count="0" type="stmt"/>
          <line num="4" count="0" type="stmt"/>
        </file>
        <file name="index.js" path="/Users/Param/Projects/Stossa/gatsby-app/src/pages/index.js">
          <metrics statements="8" coveredstatements="0" conditionals="0" coveredconditionals="0" methods="1" coveredmethods="0"/>
          <line num="1" count="0" type="stmt"/>
          <line num="2" count="0" type="stmt"/>
          <line num="4" count="0" type="stmt"/>
          <line num="6" count="0" type="stmt"/>
          <line num="12" count="0" type="stmt"/>
          <line num="17" count="0" type="stmt"/>
          <line num="21" count="0" type="stmt"/>
          <line num="26" count="0" type="stmt"/>
        </file>
      </package>
    </metrics>
  </project>
</coverage>
