{"/Users/Param/Projects/Stossa/gatsby-app/src/components/layout/index.js": {"path":"/Users/Param/Projects/Stossa/gatsby-app/src/components/layout/index.js","statementMap":{"0":{"start":{"line":7,"column":15},"end":{"line":20,"column":1}},"1":{"start":{"line":8,"column":2},"end":{"line":19,"column":4}},"2":{"start":{"line":18,"column":20},"end":{"line":18,"column":69}},"3":{"start":{"line":22,"column":0},"end":{"line":24,"column":1}}},"fnMap":{"0":{"name":"(anonymous_0)","decl":{"start":{"line":7,"column":15},"end":{"line":7,"column":16}},"loc":{"start":{"line":8,"column":2},"end":{"line":19,"column":4}},"line":8},"1":{"name":"(anonymous_1)","decl":{"start":{"line":18,"column":12},"end":{"line":18,"column":13}},"loc":{"start":{"line":18,"column":20},"end":{"line":18,"column":69}},"line":18}},"branchMap":{},"s":{"0":1,"1":2,"2":1,"3":1},"f":{"0":2,"1":1},"b":{},"_coverageSchema":"332fd63041d2c1bcb487cc26dd0d5f7d97098a6c","hash":"1d3af65dc20ecc3d46d8762f516d7ef314d0dd3d"}
,"/Users/Param/Projects/Stossa/gatsby-app/src/components/layout/layout.js": {"path":"/Users/Param/Projects/Stossa/gatsby-app/src/components/layout/layout.js","statementMap":{"0":{"start":{"line":7,"column":2},"end":{"line":19,"column":5}}},"fnMap":{"0":{"name":"(anonymous_0)","decl":{"start":{"line":6,"column":15},"end":{"line":6,"column":16}},"loc":{"start":{"line":7,"column":2},"end":{"line":19,"column":5}},"line":7}},"branchMap":{},"s":{"0":2},"f":{"0":2},"b":{},"_coverageSchema":"332fd63041d2c1bcb487cc26dd0d5f7d97098a6c","hash":"d24ddae70221be54a4493dbcbf00714dc3efb441"}
,"/Users/Param/Projects/Stossa/gatsby-app/src/pages/404.js": {"path":"/Users/Param/Projects/Stossa/gatsby-app/src/pages/404.js","statementMap":{"0":{"start":{"line":1,"column":0},"end":{"line":null,"column":-1}},"1":{"start":{"line":2,"column":0},"end":{"line":null,"column":-1}},"2":{"start":{"line":4,"column":21},"end":{"line":4,"column":0}},"3":{"start":{"line":4,"column":21},"end":{"line":null,"column":-1}}},"fnMap":{"0":{"name":"NotFoundPage","decl":{"start":{"line":4,"column":6},"end":{"line":4,"column":21}},"loc":{"start":{"line":4,"column":21},"end":{"line":4,"column":0}}}},"branchMap":{},"s":{"0":0,"1":0,"2":0,"3":0},"f":{"0":0},"b":{}}
,"/Users/Param/Projects/Stossa/gatsby-app/src/pages/index.js": {"path":"/Users/Param/Projects/Stossa/gatsby-app/src/pages/index.js","statementMap":{"0":{"start":{"line":1,"column":0},"end":{"line":null,"column":-1}},"1":{"start":{"line":2,"column":0},"end":{"line":null,"column":-1}},"2":{"start":{"line":4,"column":0},"end":{"line":null,"column":-1}},"3":{"start":{"line":6,"column":16},"end":{"line":6,"column":0}},"4":{"start":{"line":12,"column":16},"end":{"line":12,"column":0}},"5":{"start":{"line":17,"column":26},"end":{"line":17,"column":0}},"6":{"start":{"line":21,"column":22},"end":{"line":21,"column":0}},"7":{"start":{"line":26,"column":18},"end":{"line":26,"column":0}},"8":{"start":{"line":26,"column":18},"end":{"line":null,"column":-1}}},"fnMap":{"0":{"name":"IndexPage","decl":{"start":{"line":26,"column":6},"end":{"line":26,"column":18}},"loc":{"start":{"line":26,"column":18},"end":{"line":26,"column":0}}}},"branchMap":{},"s":{"0":0,"1":0,"2":0,"3":0,"4":0,"5":0,"6":0,"7":0,"8":0},"f":{"0":0},"b":{}}
}
