TN:
SF:/Users/Param/Projects/Stossa/gatsby-app/src/components/layout/index.js
FN:7,(anonymous_0)
FN:18,(anonymous_1)
FNF:2
FNH:2
FNDA:2,(anonymous_0)
FNDA:1,(anonymous_1)
DA:7,1
DA:8,2
DA:18,1
DA:22,1
LF:4
LH:4
BRF:0
BRH:0
end_of_record
TN:
SF:/Users/Param/Projects/Stossa/gatsby-app/src/components/layout/layout.js
FN:6,(anonymous_0)
FNF:1
FNH:1
FNDA:2,(anonymous_0)
DA:7,2
LF:1
LH:1
BRF:0
BRH:0
end_of_record
TN:
SF:/Users/Param/Projects/Stossa/gatsby-app/src/pages/404.js
FN:4,NotFoundPage
FNF:1
FNH:0
FNDA:0,NotFoundPage
DA:1,0
DA:2,0
DA:4,0
LF:3
LH:0
BRF:0
BRH:0
end_of_record
TN:
SF:/Users/Param/Projects/Stossa/gatsby-app/src/pages/index.js
FN:26,IndexPage
FNF:1
FNH:0
FNDA:0,IndexPage
DA:1,0
DA:2,0
DA:4,0
DA:6,0
DA:12,0
DA:17,0
DA:21,0
DA:26,0
LF:8
LH:0
BRF:0
BRH:0
end_of_record
